INFO    : ---------- printf server config ----------
NOTICE  : Try to malloc share memory of 16777304 bytes...
NOTICE  : Same shm seg (key=000119CF) exist, now try to attach it...
NOTICE  : Attach to share memory succeed.
NOTICE  : Successfully alloced share memory block, key = 000119CF, id = 425989, size = 16777304
NOTICE  : Try to malloc share memory of 16777304 bytes...
NOTICE  : Same shm seg (key=000119D0) exist, now try to attach it...
NOTICE  : Attach to share memory succeed.
NOTICE  : Successfully alloced share memory block, key = 000119D0, id = 458763, size = 16777304
NOTICE  : CGameServer prepare to run.
NOTICE  : Read server config begin.
INFO    : Create client in single thread way.
INFO    : Set Send buf of socket is 262142.
ERROR   : [gameserver.cpp : 414 : Connect2Proxy] Connect to Proxy(127.0.0.1:9004)(id=20004) failed.
INFO    : ---------- printf server config ----------
NOTICE  : Try to malloc share memory of 16777304 bytes...
NOTICE  : Same shm seg (key=000119CF) exist, now try to attach it...
NOTICE  : Attach to share memory succeed.
NOTICE  : Successfully alloced share memory block, key = 000119CF, id = 425989, size = 16777304
NOTICE  : Try to malloc share memory of 16777304 bytes...
NOTICE  : Same shm seg (key=000119D0) exist, now try to attach it...
NOTICE  : Attach to share memory succeed.
NOTICE  : Successfully alloced share memory block, key = 000119D0, id = 458763, size = 16777304
NOTICE  : CGameServer prepare to run.
NOTICE  : Read server config begin.
INFO    : Create client in single thread way.
INFO    : Set Send buf of socket is 262142.
NOTICE  : Connect to Proxy(127.0.0.1:9004)(id=9004) succeed.
NOTICE  : Regist to Proxy now.
NOTICE  : CGameServer start to run now.
INFO    : ---------- printf server config ----------
NOTICE  : Try to malloc share memory of 16777304 bytes...
NOTICE  : Same shm seg (key=000119CF) exist, now try to attach it...
NOTICE  : Attach to share memory succeed.
NOTICE  : Successfully alloced share memory block, key = 000119CF, id = 425989, size = 16777304
NOTICE  : Try to malloc share memory of 16777304 bytes...
NOTICE  : Same shm seg (key=000119D0) exist, now try to attach it...
NOTICE  : Attach to share memory succeed.
NOTICE  : Successfully alloced share memory block, key = 000119D0, id = 458763, size = 16777304
NOTICE  : CGameServer prepare to run.
NOTICE  : Read server config begin.
INFO    : Create client in single thread way.
INFO    : Set Send buf of socket is 262142.
NOTICE  : Connect to Proxy(127.0.0.1:9004)(id=9004) succeed.
NOTICE  : Regist to Proxy now.
NOTICE  : CGameServer start to run now.
DEBUG   : create message id 0x00000064 succeed.
DEBUG   : ---- Send DB(20002) Msg[ CMsgExecuteSqlRequest ][id: 0x00010001 / 65537] ----
DEBUG   : [LogicType: 0 SessionID: 0 TimeStamp: 0 TeamID: 0 SqlType: SELECT Callback: MUSTCALLBACK Sql: "SELECT `player_id` FROM user WHERE `platform` = test AND `puid` = duguochao110" OutNumber: 0 HasBlob: NONEBLOB]
DEBUG   : create message id 0x00000064 succeed.
DEBUG   : ---- Send DB(20002) Msg[ CMsgExecuteSqlRequest ][id: 0x00010001 / 65537] ----
DEBUG   : [LogicType: 0 SessionID: 0 TimeStamp: 0 TeamID: 0 SqlType: SELECT Callback: MUSTCALLBACK Sql: "SELECT `player_id` FROM user WHERE `platform` = test AND `puid` = duguochao110" OutNumber: 0 HasBlob: NONEBLOB]
DEBUG   : create message id 0x00000064 succeed.
DEBUG   : ---- Send DB(20002) Msg[ CMsgExecuteSqlRequest ][id: 0x00010001 / 65537] ----
DEBUG   : [LogicType: 0 SessionID: 0 TimeStamp: 0 TeamID: 0 SqlType: SELECT Callback: MUSTCALLBACK Sql: "SELECT `player_id` FROM user WHERE `platform` = test AND `puid` = duguochao110" OutNumber: 0 HasBlob: NONEBLOB]
