INFO    : Set Recv buffer size to 262142
INFO    : InitEpollSocket successed! TCPserver init successed. ReusltCode = 0!
NOTICE  : Try to malloc share memory of 16777304 bytes...
NOTICE  : Successfully alloced share memory block, key = 000119CF, id = 425989, size = 16777304
NOTICE  : Try to malloc share memory of 16777304 bytes...
NOTICE  : Successfully alloced share memory block, key = 000119D0, id = 458763, size = 16777304
INFO    : GateServer is going to run at 127.0.0.1 : 9001
NOTICE  : Tcpserver is runing....
DEBUG   : recv events:1 fd:4
NOTICE  : 192.168.0.89 connected port 9001, socket id = 6.
ERROR   : [/home/dguco/data/cpppro/myserver/framework/net/client_comm_engine.cpp : 62 : ParseClientStream] ASSERT: (0) == false, Receive client part data left len = 28,real len = 2564.
ERROR   : [/home/dguco/data/cpppro/myserver/framework/net/client_comm_engine.cpp : 62 : ParseClientStream] ASSERT: (0) == false, Receive client part data left len = 56,real len = 2564.
ERROR   : [/home/dguco/data/cpppro/myserver/framework/net/client_comm_engine.cpp : 62 : ParseClientStream] ASSERT: (0) == false, Receive client part data left len = 84,real len = 2564.
ERROR   : Client[192.168.0.89] connect port 9001 Timeout 31 seconds, close!
INFO    : Set Recv buffer size to 262142
INFO    : InitEpollSocket successed! TCPserver init successed. ReusltCode = 0!
NOTICE  : Try to malloc share memory of 16777304 bytes...
NOTICE  : Same shm seg (key=000119CF) exist, now try to attach it...
NOTICE  : Attach to share memory succeed.
NOTICE  : Successfully alloced share memory block, key = 000119CF, id = 425989, size = 16777304
NOTICE  : Try to malloc share memory of 16777304 bytes...
NOTICE  : Same shm seg (key=000119D0) exist, now try to attach it...
NOTICE  : Attach to share memory succeed.
NOTICE  : Successfully alloced share memory block, key = 000119D0, id = 458763, size = 16777304
INFO    : GateServer is going to run at 127.0.0.1 : 9001
NOTICE  : Tcpserver is runing....
DEBUG   : recv events:1 fd:4
NOTICE  : 192.168.0.89 connected port 9001, socket id = 6.
ERROR   : [/home/dguco/data/cpppro/myserver/framework/net/client_comm_engine.cpp : 62 : ParseClientStream] ASSERT: (0) == false, Receive client part data left len = 28,real len = 2564.
ERROR   : [/home/dguco/data/cpppro/myserver/framework/net/client_comm_engine.cpp : 62 : ParseClientStream] ASSERT: (0) == false, Receive client part data left len = 56,real len = 2564.
ERROR   : [/home/dguco/data/cpppro/myserver/framework/net/client_comm_engine.cpp : 62 : ParseClientStream] ASSERT: (0) == false, Receive client part data left len = 84,real len = 2564.
ERROR   : Client[192.168.0.89] connect port 9001 Timeout 33 seconds, close!
