INFO    : Set Recv buffer size to 262142
INFO    : InitEpollSocket successed! TCPserver init failed. ReusltCode = 0!
ERROR   : qeqweqweqwrwetwetw
NOTICE  : Tcpserver is runing....
ERROR   : Bind socket Error!
ERROR   : InitEpollSocket failed! TCPserver init failed. ReusltCode = 4!
ERROR   : Tcpserver Initialize failed,iRet = 4
INFO    : Set Recv buffer size to 262142
INFO    : InitEpollSocket successed! TCPserver init failed. ReusltCode = 0!
ERROR   : qeqweqweqwrwetwetw
NOTICE  : Tcpserver is runing....
NOTICE  : recv events:1 fd:5
NOTICE  : 192.168.2.111 connected port 20000, socket id = 6.
ERROR   : the package len is illegal
NOTICE  : recv events:1 fd:5
NOTICE  : 192.168.2.111 connected port 20000, socket id = 6.
ERROR   : the package len is illegal
INFO    : Set Recv buffer size to 262142
INFO    : InitEpollSocket successed! TCPserver init successed. ReusltCode = 0!
INFO    : tcp server is going to run...
NOTICE  : Tcpserver is runing....
INFO    : Set Recv buffer size to 262142
INFO    : InitEpollSocket successed! TCPserver init successed. ReusltCode = 0!
INFO    : tcp server is going to run...
NOTICE  : Tcpserver is runing....
INFO    : Set Recv buffer size to 262142
INFO    : InitEpollSocket successed! TCPserver init successed. ReusltCode = 0!
INFO    : tcp server is going to run...
NOTICE  : Tcpserver is runing....
INFO    : Set Recv buffer size to 262142
INFO    : InitEpollSocket successed! TCPserver init successed. ReusltCode = 0!
INFO    : tcp server is going to run...
NOTICE  : Tcpserver is runing....
INFO    : Set Recv buffer size to 262142
INFO    : InitEpollSocket successed! TCPserver init successed. ReusltCode = 0!
INFO    : tcp server is going to run...
NOTICE  : Tcpserver is runing....
INFO    : Set Recv buffer size to 262142
INFO    : InitEpollSocket successed! TCPserver init successed. ReusltCode = 0!
INFO    : tcp server is going to run...
NOTICE  : Tcpserver is runing....
INFO    : Set Recv buffer size to 262142
INFO    : InitEpollSocket successed! TCPserver init successed. ReusltCode = 0!
INFO    : tcp server is going to run...
NOTICE  : Tcpserver is runing....
INFO    : Set Recv buffer size to 262142
INFO    : InitEpollSocket successed! TCPserver init successed. ReusltCode = 0!
INFO    : tcp server is going to run...
NOTICE  : Tcpserver is runing....
INFO    : Set Recv buffer size to 262142
INFO    : InitEpollSocket successed! TCPserver init successed. ReusltCode = 0!
INFO    : tcp server is going to run...
NOTICE  : Tcpserver is runing....
INFO    : Set Recv buffer size to 262142
INFO    : InitEpollSocket successed! TCPserver init successed. ReusltCode = 0!
INFO    : tcp server is going to run...
NOTICE  : Tcpserver is runing....
INFO    : Set Recv buffer size to 262142
INFO    : InitEpollSocket successed! TCPserver init successed. ReusltCode = 0!
INFO    : tcp server is going to run...
NOTICE  : Tcpserver is runing....
INFO    : Set Recv buffer size to 262142
INFO    : InitEpollSocket successed! TCPserver init successed. ReusltCode = 0!
INFO    : tcp server is going to run...
NOTICE  : Tcpserver is runing....
INFO    : Set Recv buffer size to 262142
INFO    : InitEpollSocket successed! TCPserver init successed. ReusltCode = 0!
INFO    : tcp server is going to run...
NOTICE  : Tcpserver is runing....
ERROR   : Bind socket Error!
ERROR   : InitEpollSocket failed! TCPserver init failed. ReusltCode = 4!
ERROR   : Tcpserver Initialize failed,iRet = 4
ERROR   : Bind socket Error!
ERROR   : InitEpollSocket failed! TCPserver init failed. ReusltCode = 4!
ERROR   : Tcpserver Initialize failed,iRet = 4
INFO    : Set Recv buffer size to 262142
INFO    : InitEpollSocket successed! TCPserver init successed. ReusltCode = 0!
INFO    : tcp server is going to run...
NOTICE  : Tcpserver is runing....
ERROR   : Bind socket Error!
ERROR   : InitEpollSocket failed! TCPserver init failed. ReusltCode = 4!
ERROR   : Tcpserver Initialize failed,iRet = 4
INFO    : Set Recv buffer size to 262142
INFO    : InitEpollSocket successed! TCPserver init successed. ReusltCode = 0!
INFO    : tcp server is going to run...
NOTICE  : Tcpserver is runing....
INFO    : Set Recv buffer size to 262142
INFO    : InitEpollSocket successed! TCPserver init successed. ReusltCode = 0!
INFO    : tcp server is going to run...
NOTICE  : Tcpserver is runing....
INFO    : Set Recv buffer size to 262142
INFO    : InitEpollSocket successed! TCPserver init successed. ReusltCode = 0!
INFO    : tcp server is going to run...
NOTICE  : Tcpserver is runing....
INFO    : Set Recv buffer size to 262142
INFO    : InitEpollSocket successed! TCPserver init successed. ReusltCode = 0!
INFO    : tcp server is going to run...
NOTICE  : Tcpserver is runing....
ERROR   : Get TcpserverConfig failed
INFO    : Set Recv buffer size to 262142
INFO    : InitEpollSocket successed! TCPserver init successed. ReusltCode = 0!
INFO    : tcp server is going to run...
NOTICE  : Tcpserver is runing....
ERROR   : Bind socket Error!
ERROR   : InitEpollSocket failed! TCPserver init failed. ReusltCode = 4!
ERROR   : Tcpserver Initialize failed,iRet = 4
ERROR   : Bind socket Error!
ERROR   : InitEpollSocket failed! TCPserver init failed. ReusltCode = 4!
ERROR   : Tcpserver Initialize failed,iRet = 4
ERROR   : Bind socket Error! Address already in use
ERROR   : InitEpollSocket failed! TCPserver init failed. ReusltCode = 4!
ERROR   : Tcpserver Initialize failed,iRet = 4
INFO    : Set Recv buffer size to 262142
INFO    : InitEpollSocket successed! TCPserver init successed. ReusltCode = 0!
INFO    : tcp server is going to run...
NOTICE  : Tcpserver is runing....
INFO    : 1717171717171717171717171
INFO    : Set Recv buffer size to 262142
INFO    : InitEpollSocket successed! TCPserver init successed. ReusltCode = 0!
INFO    : tcp server is going to run...
NOTICE  : Tcpserver is runing....
ERROR   : Bind socket Error! Address already in use
ERROR   : InitEpollSocket failed! TCPserver init failed. ReusltCode = 4!
ERROR   : Tcpserver Initialize failed,iRet = 4
INFO    : Set Recv buffer size to 262142
INFO    : InitEpollSocket successed! TCPserver init successed. ReusltCode = 0!
INFO    : tcp server is going to run...
NOTICE  : Tcpserver is runing....
INFO    : Set Recv buffer size to 262142
INFO    : InitEpollSocket successed! TCPserver init successed. ReusltCode = 0!
INFO    : tcp server is going to run...
NOTICE  : Tcpserver is runing....
INFO    : 1717171717171717171717171
INFO    : Set Recv buffer size to 262142
INFO    : InitEpollSocket successed! TCPserver init successed. ReusltCode = 0!
INFO    : tcp server is going to run...
NOTICE  : Tcpserver is runing....
INFO    : Set Recv buffer size to 262142
INFO    : InitEpollSocket successed! TCPserver init successed. ReusltCode = 0!
INFO    : tcp server is going to run...
NOTICE  : Tcpserver is runing....
INFO    : Set Recv buffer size to 262142
INFO    : InitEpollSocket successed! TCPserver init successed. ReusltCode = 0!
INFO    : tcp server is going to run...
NOTICE  : Tcpserver is runing....
INFO    : Set Recv buffer size to 262142
INFO    : InitEpollSocket successed! TCPserver init successed. ReusltCode = 0!
INFO    : tcp server is going to run...
NOTICE  : Tcpserver is runing....
