INFO    : Set Recv buffer size to 262142
INFO    : InitEpollSocket successed! TCPserver init successed. ReusltCode = 0!
INFO    : tcp server is going to run...
NOTICE  : Tcpserver is runing....
INFO    : Set Recv buffer size to 262142
INFO    : InitEpollSocket successed! TCPserver init successed. ReusltCode = 0!
INFO    : tcp server is going to run...
NOTICE  : Tcpserver is runing....
INFO    : Set Recv buffer size to 262142
INFO    : InitEpollSocket successed! TCPserver init successed. ReusltCode = 0!
INFO    : tcp server is going to run...
NOTICE  : Tcpserver is runing....
INFO    : Set Recv buffer size to 262142
INFO    : InitEpollSocket successed! TCPserver init successed. ReusltCode = 0!
INFO    : tcp server is going to run...
NOTICE  : Tcpserver is runing....
INFO    : Set Recv buffer size to 262142
INFO    : InitEpollSocket successed! TCPserver init successed. ReusltCode = 0!
INFO    : tcp server is going to run...
NOTICE  : Tcpserver is runing....
INFO    : Set Recv buffer size to 262142
INFO    : InitEpollSocket successed! TCPserver init successed. ReusltCode = 0!
NOTICE  : Try to malloc share memory of 16777304 bytes...
NOTICE  : Successfully alloced share memory block, key = 00010B65, id = 327687, size = 16777304
NOTICE  : Try to malloc share memory of 16777304 bytes...
NOTICE  : Successfully alloced share memory block, key = 00010B66, id = 360456, size = 16777304
INFO    : tcp server is going to run...
NOTICE  : Tcpserver is runing....
